This is pdfTeX, Version 3.141592653-2.6-1.40.25 (TeX Live 2023) (preloaded format=pdflatex 2025.12.14)  4 FEB 2026 12:18
entering extended mode
 restricted \write18 enabled.
 file:line:error style messages enabled.
 %&-line parsing enabled.
**/home/voaidesr/academic/random/latex/so-summary/main.tex
(/home/voaidesr/academic/random/latex/so-summary/main.tex
LaTeX2e <2022-11-01> patch level 1
L3 programming layer <2023-02-22> (/usr/share/texlive/texmf-dist/tex/latex/base/article.cls
Document Class: article 2022/07/02 v1.4n Standard LaTeX document class
(/usr/share/texlive/texmf-dist/tex/latex/base/size10.clo
File: size10.clo 2022/07/02 v1.4n Standard LaTeX file (size option)
)
\c@part=\count185
\c@section=\count186
\c@subsection=\count187
\c@subsubsection=\count188
\c@paragraph=\count189
\c@subparagraph=\count190
\c@figure=\count191
\c@table=\count192
\abovecaptionskip=\skip48
\belowcaptionskip=\skip49
\bibindent=\dimen140
) (/usr/share/texlive/texmf-dist/tex/latex/base/inputenc.sty
Package: inputenc 2021/02/14 v1.3d Input encoding file
\inpenc@prehook=\toks16
\inpenc@posthook=\toks17
) (/usr/share/texlive/texmf-dist/tex/latex/geometry/geometry.sty
Package: geometry 2020/01/02 v5.9 Page Geometry
 (/usr/share/texlive/texmf-dist/tex/latex/graphics/keyval.sty
Package: keyval 2022/05/29 v1.15 key=value parser (DPC)
\KV@toks@=\toks18
) (/usr/share/texlive/texmf-dist/tex/generic/iftex/ifvtex.sty
Package: ifvtex 2019/10/25 v1.7 ifvtex legacy package. Use iftex instead.
 (/usr/share/texlive/texmf-dist/tex/generic/iftex/iftex.sty
Package: iftex 2022/02/03 v1.0f TeX engine tests
))
\Gm@cnth=\count193
\Gm@cntv=\count194
\c@Gm@tempcnt=\count195
\Gm@bindingoffset=\dimen141
\Gm@wd@mp=\dimen142
\Gm@odd@mp=\dimen143
\Gm@even@mp=\dimen144
\Gm@layoutwidth=\dimen145
\Gm@layoutheight=\dimen146
\Gm@layouthoffset=\dimen147
\Gm@layoutvoffset=\dimen148
\Gm@dimlist=\toks19
) (/usr/share/texlive/texmf-dist/tex/latex/tools/multicol.sty
Package: multicol 2021/11/30 v1.9d multicolumn formatting (FMi)
\c@tracingmulticols=\count196
\mult@box=\box51
\multicol@leftmargin=\dimen149
\c@unbalance=\count197
\c@collectmore=\count198
\doublecol@number=\count199
\multicoltolerance=\count266
\multicolpretolerance=\count267
\full@width=\dimen150
\page@free=\dimen151
\premulticols=\dimen152
\postmulticols=\dimen153
\multicolsep=\skip50
\multicolbaselineskip=\skip51
\partial@page=\box52
\last@line=\box53
\maxbalancingoverflow=\dimen154
\mult@rightbox=\box54
\mult@grightbox=\box55
\mult@firstbox=\box56
\mult@gfirstbox=\box57
\@tempa=\box58
\@tempa=\box59
\@tempa=\box60
\@tempa=\box61
\@tempa=\box62
\@tempa=\box63
\@tempa=\box64
\@tempa=\box65
\@tempa=\box66
\@tempa=\box67
\@tempa=\box68
\@tempa=\box69
\@tempa=\box70
\@tempa=\box71
\@tempa=\box72
\@tempa=\box73
\@tempa=\box74
\@tempa=\box75
\@tempa=\box76
\@tempa=\box77
\@tempa=\box78
\@tempa=\box79
\@tempa=\box80
\@tempa=\box81
\@tempa=\box82
\@tempa=\box83
\@tempa=\box84
\@tempa=\box85
\@tempa=\box86
\@tempa=\box87
\@tempa=\box88
\@tempa=\box89
\@tempa=\box90
\@tempa=\box91
\@tempa=\box92
\@tempa=\box93
\c@minrows=\count268
\c@columnbadness=\count269
\c@finalcolumnbadness=\count270
\last@try=\dimen155
\multicolovershoot=\dimen156
\multicolundershoot=\dimen157
\mult@nat@firstbox=\box94
\colbreak@box=\box95
\mc@col@check@num=\count271
) (/usr/share/texlive/texmf-dist/tex/latex/amsfonts/amsfonts.sty
Package: amsfonts 2013/01/14 v3.01 Basic AMSFonts support
\@emptytoks=\toks20
\symAMSa=\mathgroup4
\symAMSb=\mathgroup5
LaTeX Font Info:    Redeclaring math symbol \hbar on input line 98.
LaTeX Font Info:    Overwriting math alphabet `\mathfrak' in version `bold'
(Font)                  U/euf/m/n --> U/euf/b/n on input line 106.
) (/usr/share/texlive/texmf-dist/tex/latex/amsmath/amsmath.sty
Package: amsmath 2022/04/08 v2.17n AMS math features
\@mathmargin=\skip52

For additional information on amsmath, use the `?' option.
(/usr/share/texlive/texmf-dist/tex/latex/amsmath/amstext.sty
Package: amstext 2021/08/26 v2.01 AMS text
 (/usr/share/texlive/texmf-dist/tex/latex/amsmath/amsgen.sty
File: amsgen.sty 1999/11/30 v2.0 generic functions
\@emptytoks=\toks21
\ex@=\dimen158
)) (/usr/share/texlive/texmf-dist/tex/latex/amsmath/amsbsy.sty
Package: amsbsy 1999/11/29 v1.2d Bold Symbols
\pmbraise@=\dimen159
) (/usr/share/texlive/texmf-dist/tex/latex/amsmath/amsopn.sty
Package: amsopn 2022/04/08 v2.04 operator names
)
\inf@bad=\count272
LaTeX Info: Redefining \frac on input line 234.
\uproot@=\count273
\leftroot@=\count274
LaTeX Info: Redefining \overline on input line 399.
LaTeX Info: Redefining \colon on input line 410.
\classnum@=\count275
\DOTSCASE@=\count276
LaTeX Info: Redefining \ldots on input line 496.
LaTeX Info: Redefining \dots on input line 499.
LaTeX Info: Redefining \cdots on input line 620.
\Mathstrutbox@=\box96
\strutbox@=\box97
LaTeX Info: Redefining \big on input line 722.
LaTeX Info: Redefining \Big on input line 723.
LaTeX Info: Redefining \bigg on input line 724.
LaTeX Info: Redefining \Bigg on input line 725.
\big@size=\dimen160
LaTeX Font Info:    Redeclaring font encoding OML on input line 743.
LaTeX Font Info:    Redeclaring font encoding OMS on input line 744.
\macc@depth=\count277
LaTeX Info: Redefining \bmod on input line 905.
LaTeX Info: Redefining \pmod on input line 910.
LaTeX Info: Redefining \smash on input line 940.
LaTeX Info: Redefining \relbar on input line 970.
LaTeX Info: Redefining \Relbar on input line 971.
\c@MaxMatrixCols=\count278
\dotsspace@=\muskip16
\c@parentequation=\count279
\dspbrk@lvl=\count280
\tag@help=\toks22
\row@=\count281
\column@=\count282
\maxfields@=\count283
\andhelp@=\toks23
\eqnshift@=\dimen161
\alignsep@=\dimen162
\tagshift@=\dimen163
\tagwidth@=\dimen164
\totwidth@=\dimen165
\lineht@=\dimen166
\@envbody=\toks24
\multlinegap=\skip53
\multlinetaggap=\skip54
\mathdisplay@stack=\toks25
LaTeX Info: Redefining \[ on input line 2953.
LaTeX Info: Redefining \] on input line 2954.
) (/usr/share/texlive/texmf-dist/tex/latex/amsfonts/amssymb.sty
Package: amssymb 2013/01/14 v3.01 AMS font symbols
) (/usr/share/texlive/texmf-dist/tex/latex/graphics/color.sty
Package: color 2022/01/06 v1.3d Standard LaTeX Color (DPC)
 (/usr/share/texlive/texmf-dist/tex/latex/graphics-cfg/color.cfg
File: color.cfg 2016/01/02 v1.6 sample color configuration
)
Package color Info: Driver file: pdftex.def on input line 149.
 (/usr/share/texlive/texmf-dist/tex/latex/graphics-def/pdftex.def
File: pdftex.def 2022/09/22 v1.2b Graphics/color driver for pdftex
) (/usr/share/texlive/texmf-dist/tex/latex/graphics/mathcolor.ltx)) (/usr/share/texlive/texmf-dist/tex/latex/listings/listings.sty
\lst@mode=\count284
\lst@gtempboxa=\box98
\lst@token=\toks26
\lst@length=\count285
\lst@currlwidth=\dimen167
\lst@column=\count286
\lst@pos=\count287
\lst@lostspace=\dimen168
\lst@width=\dimen169
\lst@newlines=\count288
\lst@lineno=\count289
\lst@maxwidth=\dimen170
 (/usr/share/texlive/texmf-dist/tex/latex/listings/lstmisc.sty
File: lstmisc.sty 2023/02/27 1.9 (Carsten Heinz)
\c@lstnumber=\count290
\lst@skipnumbers=\count291
\lst@framebox=\box99
) (/usr/share/texlive/texmf-dist/tex/latex/listings/listings.cfg
File: listings.cfg 2023/02/27 1.9 listings configuration
))
Package: listings 2023/02/27 1.9 (Carsten Heinz)
 (/usr/share/texlive/texmf-dist/tex/latex/xcolor/xcolor.sty
Package: xcolor 2022/06/12 v2.14 LaTeX color extensions (UK)
 (/usr/share/texlive/texmf-dist/tex/latex/graphics-cfg/color.cfg
File: color.cfg 2016/01/02 v1.6 sample color configuration
)
Package xcolor Info: Driver file: pdftex.def on input line 227.
LaTeX Info: Redefining \color on input line 711.
 (/usr/share/texlive/texmf-dist/tex/latex/graphics/mathcolor.ltx)
Package xcolor Info: Model `cmy' substituted by `cmy0' on input line 1353.
Package xcolor Info: Model `hsb' substituted by `rgb' on input line 1357.
Package xcolor Info: Model `RGB' extended on input line 1369.
Package xcolor Info: Model `HTML' substituted by `rgb' on input line 1371.
Package xcolor Info: Model `Hsb' substituted by `hsb' on input line 1372.
Package xcolor Info: Model `tHsb' substituted by `hsb' on input line 1373.
Package xcolor Info: Model `HSB' substituted by `hsb' on input line 1374.
Package xcolor Info: Model `Gray' substituted by `gray' on input line 1375.
Package xcolor Info: Model `wave' substituted by `hsb' on input line 1376.
) (/usr/share/texlive/texmf-dist/tex/latex/listings/lstlang1.sty
File: lstlang1.sty 2023/02/27 1.9 listings language file
) (/usr/share/texlive/texmf-dist/tex/latex/listings/lstmisc.sty
File: lstmisc.sty 2023/02/27 1.9 (Carsten Heinz)
) (/usr/share/texlive/texmf-dist/tex/latex/graphics/graphicx.sty
Package: graphicx 2021/09/16 v1.2d Enhanced LaTeX Graphics (DPC,SPQR)
 (/usr/share/texlive/texmf-dist/tex/latex/graphics/graphics.sty
Package: graphics 2022/03/10 v1.4e Standard LaTeX Graphics (DPC,SPQR)
 (/usr/share/texlive/texmf-dist/tex/latex/graphics/trig.sty
Package: trig 2021/08/11 v1.11 sin cos tan (DPC)
) (/usr/share/texlive/texmf-dist/tex/latex/graphics-cfg/graphics.cfg
File: graphics.cfg 2016/06/04 v1.11 sample graphics configuration
)
Package graphics Info: Driver file: pdftex.def on input line 107.
)
\Gin@req@height=\dimen171
\Gin@req@width=\dimen172
) (/usr/share/texlive/texmf-dist/tex/latex/l3backend/l3backend-pdftex.def
File: l3backend-pdftex.def 2023-01-16 L3 backend support: PDF output (pdfTeX)
\l__color_backend_stack_int=\count292
\l__pdf_internal_box=\box100
) (./main.aux)
\openout1 = `main.aux'.

LaTeX Font Info:    Checking defaults for OML/cmm/m/it on input line 36.
LaTeX Font Info:    ... okay on input line 36.
LaTeX Font Info:    Checking defaults for OMS/cmsy/m/n on input line 36.
LaTeX Font Info:    ... okay on input line 36.
LaTeX Font Info:    Checking defaults for OT1/cmr/m/n on input line 36.
LaTeX Font Info:    ... okay on input line 36.
LaTeX Font Info:    Checking defaults for T1/cmr/m/n on input line 36.
LaTeX Font Info:    ... okay on input line 36.
LaTeX Font Info:    Checking defaults for TS1/cmr/m/n on input line 36.
LaTeX Font Info:    ... okay on input line 36.
LaTeX Font Info:    Checking defaults for OMX/cmex/m/n on input line 36.
LaTeX Font Info:    ... okay on input line 36.
LaTeX Font Info:    Checking defaults for U/cmr/m/n on input line 36.
LaTeX Font Info:    ... okay on input line 36.

*geometry* driver: auto-detecting
*geometry* detected driver: pdftex
*geometry* verbose mode - [ preamble ] result:
* driver: pdftex
* paper: <default>
* layout: <same size as paper>
* layoutoffset:(h,v)=(0.0pt,0.0pt)
* modes: landscape 
* h-part:(L,W,R)=(36.135pt, 722.7pt, 36.135pt)
* v-part:(T,H,B)=(36.135pt, 542.02501pt, 36.135pt)
* \paperwidth=794.96999pt
* \paperheight=614.295pt
* \textwidth=722.7pt
* \textheight=542.02501pt
* \oddsidemargin=-36.135pt
* \evensidemargin=-36.135pt
* \topmargin=-73.135pt
* \headheight=12.0pt
* \headsep=25.0pt
* \topskip=10.0pt
* \footskip=30.0pt
* \marginparwidth=144.0pt
* \marginparsep=11.0pt
* \columnsep=10.0pt
* \skip\footins=9.0pt plus 4.0pt minus 2.0pt
* \hoffset=0.0pt
* \voffset=0.0pt
* \mag=1000
* \@twocolumnfalse
* \@twosidefalse
* \@mparswitchfalse
* \@reversemarginfalse
* (1in=72.27pt=25.4mm, 1cm=28.453pt)

(/usr/share/texlive/texmf-dist/tex/context/base/mkii/supp-pdf.mkii
[Loading MPS to PDF converter (version 2006.09.02).]
\scratchcounter=\count293
\scratchdimen=\dimen173
\scratchbox=\box101
\nofMPsegments=\count294
\nofMParguments=\count295
\everyMPshowfont=\toks27
\MPscratchCnt=\count296
\MPscratchDim=\dimen174
\MPnumerator=\count297
\makeMPintoPDFobject=\count298
\everyMPtoPDFconversion=\toks28
) (/usr/share/texlive/texmf-dist/tex/latex/epstopdf-pkg/epstopdf-base.sty
Package: epstopdf-base 2020-01-24 v2.11 Base part for package epstopdf
Package epstopdf-base Info: Redefining graphics rule for `.eps' on input line 485.
 (/usr/share/texlive/texmf-dist/tex/latex/latexconfig/epstopdf-sys.cfg
File: epstopdf-sys.cfg 2010/07/13 v1.3 Configuration of (r)epstopdf for TeX Live
))
\c@lstlisting=\count299
 (./sections/0_kernel.tex
<./img//1.7.png, id=1, 539.76656pt x 449.42906pt>
File: ./img//1.7.png Graphic file (type png)
<use ./img//1.7.png>
Package pdftex.def Info: ./img//1.7.png  used on input line 4.
(pdftex.def)             Requested size: 134.9413pt x 112.35698pt.
<./img//1.15.png, id=3, 1013.7875pt x 435.6275pt>
File: ./img//1.15.png Graphic file (type png)
<use ./img//1.15.png>
Package pdftex.def Info: ./img//1.15.png  used on input line 7.
(pdftex.def)             Requested size: 253.44626pt x 108.9066pt.

Underfull \hbox (badness 10000) in paragraph at lines 6--8
[]\OT1/cmr/m/n/10 I/O de-vices and CPU can ex-e-cute
 []


Underfull \hbox (badness 10000) in paragraph at lines 6--8
\OT1/cmr/m/n/10 con-cur-rently. The de-vices com-mu-ni-
 []


Underfull \hbox (badness 10000) in paragraph at lines 6--8
\OT1/cmr/m/n/10 cate with the CPU through \OT1/cmr/bx/n/10 in-ter-rupts\OT1/cmr/m/n/10 .
 []


Overfull \hbox (19.21294pt too wide) in paragraph at lines 6--8
[] 
 []

<./img//1.26.png, id=4, 1013.7875pt x 564.1075pt>
File: ./img//1.26.png Graphic file (type png)
<use ./img//1.26.png>
Package pdftex.def Info: ./img//1.26.png  used on input line 10.
(pdftex.def)             Requested size: 253.44626pt x 141.02652pt.
) (./sections/1_processes.tex
Overfull \hbox (103.79642pt too wide) in paragraph at lines 9--1
[]\OT1/cmr/m/n/10 Memory struc-ture: []
 []


Underfull \hbox (badness 10000) in paragraph at lines 9--1

 []

<./img//3.7.png, id=5, 757.32938pt x 455.45157pt>
File: ./img//3.7.png Graphic file (type png)
<use ./img//3.7.png>
Package pdftex.def Info: ./img//3.7.png  used on input line 16.
(pdftex.def)             Requested size: 265.06924pt x 159.41043pt.

Overfull \hbox (30.83592pt too wide) in paragraph at lines 16--17
[][] 
 []

<./img//3.9.png, id=6, 599.99156pt x 339.51843pt>
File: ./img//3.9.png Graphic file (type png)
<use ./img//3.9.png>
Package pdftex.def Info: ./img//3.9.png  used on input line 20.
(pdftex.def)             Requested size: 210.00018pt x 118.83322pt.
<./img//3.16.png, id=7, 545.03625pt x 439.6425pt>
File: ./img//3.16.png Graphic file (type png)
<use ./img//3.16.png>
Package pdftex.def Info: ./img//3.16.png  used on input line 38.
(pdftex.def)             Requested size: 190.76555pt x 153.87717pt.
[1

{/var/lib/texmf/fonts/map/pdftex/updmap/pdftex.map}{/usr/share/texlive/texmf-dist/fonts/enc/dvips/cm-super/cm-super-ts1.enc} <./img//1.7.png> <./img//1.15.png> <./img//1.26.png> <./img//3.7.png> <./img//3.9.png> <./img//3.16.png>]
LaTeX Font Info:    Font shape `OT1/cmtt/bx/n' in size <7> not available
(Font)              Font shape `OT1/cmtt/m/n' tried instead on input line 54.
<./img//3.21.png, id=23, 620.3175pt x 190.46156pt>
File: ./img//3.21.png Graphic file (type png)
<use ./img//3.21.png>
Package pdftex.def Info: ./img//3.21.png  used on input line 76.
(pdftex.def)             Requested size: 217.11438pt x 66.66254pt.
LaTeX Font Info:    Trying to load font information for U+msa on input line 78.
 (/usr/share/texlive/texmf-dist/tex/latex/amsfonts/umsa.fd
File: umsa.fd 2013/01/14 v3.01 AMS symbols A
)
LaTeX Font Info:    Trying to load font information for U+msb on input line 78.
 (/usr/share/texlive/texmf-dist/tex/latex/amsfonts/umsb.fd
File: umsb.fd 2013/01/14 v3.01 AMS symbols B
)
<./img//arb_tut.png, id=24, 741.77126pt x 327.2225pt>
File: ./img//arb_tut.png Graphic file (type png)
<use ./img//arb_tut.png>
Package pdftex.def Info: ./img//arb_tut.png  used on input line 94.
(pdftex.def)             Requested size: 259.62383pt x 114.52959pt.

Overfull \hbox (25.3905pt too wide) in paragraph at lines 94--95
[][] 
 []

<./img//3.30.png, id=25, 553.31718pt x 371.13657pt>
File: ./img//3.30.png Graphic file (type png)
<use ./img//3.30.png>
Package pdftex.def Info: ./img//3.30.png  used on input line 108.
(pdftex.def)             Requested size: 193.66391pt x 129.89973pt.
[2 <./img//3.21.png> <./img//arb_tut.png> <./img//3.30.png>]
<./img//3.61.png, id=35, 752.0597pt x 320.69812pt>
File: ./img//3.61.png Graphic file (type png)
<use ./img//3.61.png>
Package pdftex.def Info: ./img//3.61.png  used on input line 175.
(pdftex.def)             Requested size: 188.01447pt x 80.17433pt.
) (./sections/2_threads.tex) (./sections/3_scheduling.tex
<./img//5.9.png, id=36, 331.2375pt x 467.49657pt>
File: ./img//5.9.png Graphic file (type png)
<use ./img//5.9.png>
Package pdftex.def Info: ./img//5.9.png  used on input line 14.
(pdftex.def)             Requested size: 115.93484pt x 163.62624pt.
<./img//5.12.png, id=37, 945.5325pt x 152.82094pt>
File: ./img//5.12.png Graphic file (type png)
<use ./img//5.12.png>
Package pdftex.def Info: ./img//5.12.png  used on input line 32.
(pdftex.def)             Requested size: 236.38254pt x 38.20512pt.

Overfull \hbox (2.14922pt too wide) in paragraph at lines 30--33
[] 
 []

<./img//5.13.png, id=38, 941.76843pt x 153.57375pt>
File: ./img//5.13.png Graphic file (type png)
<use ./img//5.13.png>
Package pdftex.def Info: ./img//5.13.png  used on input line 35.
(pdftex.def)             Requested size: 254.28087pt x 41.46545pt.

Overfull \hbox (20.04755pt too wide) in paragraph at lines 34--36
[] 
 []

<./img//5.15.png, id=39, 730.98094pt x 125.71968pt>
File: ./img//5.15.png Graphic file (type png)
<use ./img//5.15.png>
Package pdftex.def Info: ./img//5.15.png  used on input line 44.
(pdftex.def)             Requested size: 255.84715pt x 44.00253pt.

Overfull \hbox (21.61383pt too wide) in paragraph at lines 42--45
[] 
 []

[3 <./img//3.61.png> <./img//5.9.png> <./img//5.12.png>]
<./img//5.20.png, id=48, 778.40813pt x 120.45pt>
File: ./img//5.20.png Graphic file (type png)
<use ./img//5.20.png>
Package pdftex.def Info: ./img//5.20.png  used on input line 63.
(pdftex.def)             Requested size: 241.30403pt x 37.3391pt.

Overfull \hbox (7.07071pt too wide) in paragraph at lines 61--64
[] 
 []

<./img//5.22.png, id=49, 862.72313pt x 111.41624pt>
File: ./img//5.22.png Graphic file (type png)
<use ./img//5.22.png>
Package pdftex.def Info: ./img//5.22.png  used on input line 70.
(pdftex.def)             Requested size: 241.56082pt x 31.19633pt.

Overfull \hbox (7.3275pt too wide) in paragraph at lines 68--71
[] 
 []

<./img//5.23.png, id=50, 783.67781pt x 444.91219pt>
File: ./img//5.23.png Graphic file (type png)
<use ./img//5.23.png>
Package pdftex.def Info: ./img//5.23.png  used on input line 74.
(pdftex.def)             Requested size: 242.9376pt x 137.92134pt.

Overfull \hbox (8.70428pt too wide) in paragraph at lines 74--75
[][] 
 []

<./img//5.26.png, id=51, 741.52031pt x 120.45pt>
File: ./img//5.26.png Graphic file (type png)
<use ./img//5.26.png>
Package pdftex.def Info: ./img//5.26.png  used on input line 85.
(pdftex.def)             Requested size: 229.86891pt x 37.3391pt.

Underfull \hbox (badness 10000) in paragraph at lines 83--86
[]\OT1/cmr/bx/n/10 Non Pre-emp-tive Pri-or-ity Schedul-ing\OT1/cmr/m/n/10 :
 []


Underfull \hbox (badness 10000) in paragraph at lines 83--86
\OT1/cmr/m/n/10 For pro-cesses with burst times and pri-or-
 []

<./img//5.27.png, id=52, 994.46532pt x 183.68625pt>
File: ./img//5.27.png Graphic file (type png)
<use ./img//5.27.png>
Package pdftex.def Info: ./img//5.27.png  used on input line 93.
(pdftex.def)             Requested size: 248.61572pt x 45.92143pt.

Underfull \hbox (badness 5217) in paragraph at lines 91--94
[]\OT1/cmr/m/n/10 Example: For pro-cesses with burst and pri-
 []


Underfull \hbox (badness 5446) in paragraph at lines 91--94
\OT1/cmr/m/n/10 or-ity: $\OML/cmm/m/it/10 P[] \OT1/cmr/m/n/10 = 4 3$; $\OML/cmm/m/it/10 P[] \OT1/cmr/m/n/10 = 5 2$; $\OML/cmm/m/it/10 P[] \OT1/cmr/m/n/10 =
 []


Overfull \hbox (14.3824pt too wide) in paragraph at lines 91--94
[] 
 []

<./img//5.29.png, id=53, 375.65344pt x 460.72125pt>
File: ./img//5.29.png Graphic file (type png)
<use ./img//5.29.png>
Package pdftex.def Info: ./img//5.29.png  used on input line 102.
(pdftex.def)             Requested size: 105.18224pt x 129.00107pt.

Underfull \hbox (badness 10000) in paragraph at lines 101--103
[]\OT1/cmr/m/n/10 Example, mul-ti-level queue by pri-or-ity:
 []

<./img//5.32.png, id=54, 566.86781pt x 444.91219pt>
File: ./img//5.32.png Graphic file (type png)
<use ./img//5.32.png>
Package pdftex.def Info: ./img//5.32.png  used on input line 115.
(pdftex.def)             Requested size: 158.7219pt x 124.57455pt.
[4 <./img//5.13.png> <./img//5.15.png> <./img//5.20.png> <./img//5.22.png> <./img//5.23.png> <./img//5.26.png> <./img//5.27.png> <./img//5.29.png> <./img//5.32.png>]
<./img//5.38.png, id=69, 628.59843pt x 379.4175pt>
File: ./img//5.38.png Graphic file (type png)
<use ./img//5.38.png>
Package pdftex.def Info: ./img//5.38.png  used on input line 134.
(pdftex.def)             Requested size: 201.15561pt x 121.41608pt.
<./img//5.40.png, id=70, 831.85782pt x 253.69781pt>
File: ./img//5.40.png Graphic file (type png)
<use ./img//5.40.png>
Package pdftex.def Info: ./img//5.40.png  used on input line 139.
(pdftex.def)             Requested size: 224.60461pt x 68.49931pt.
<./img//5.42.png, id=71, 555.57562pt x 474.27188pt>
File: ./img//5.42.png Graphic file (type png)
<use ./img//5.42.png>
Package pdftex.def Info: ./img//5.42.png  used on input line 150.
(pdftex.def)             Requested size: 177.78783pt x 151.7701pt.
<./img//5.47.png, id=72, 661.72218pt x 567.62062pt>
File: ./img//5.47.png Graphic file (type png)
<use ./img//5.47.png>
Package pdftex.def Info: ./img//5.47.png  used on input line 191.
(pdftex.def)             Requested size: 172.0437pt x 147.57787pt.
<./img//5.49.png, id=73, 715.17188pt x 563.10374pt>
File: ./img//5.49.png Graphic file (type png)
<use ./img//5.49.png>
Package pdftex.def Info: ./img//5.49.png  used on input line 195.
(pdftex.def)             Requested size: 185.94029pt x 146.40352pt.
 [5 <./img//5.38.png> <./img//5.40.png> <./img//5.42.png> <./img//5.47.png>]
<./img//5.51.png, id=81, 918.43124pt x 206.27063pt>
File: ./img//5.51.png Graphic file (type png)
<use ./img//5.51.png>
Package pdftex.def Info: ./img//5.51.png  used on input line 208.
(pdftex.def)             Requested size: 247.97975pt x 55.6938pt.

Overfull \hbox (13.74643pt too wide) in paragraph at lines 208--209
[][] 
 []

<./img//5.53.png, id=82, 684.30656pt x 153.57375pt>
File: ./img//5.53.png Graphic file (type png)
<use ./img//5.53.png>
Package pdftex.def Info: ./img//5.53.png  used on input line 214.
(pdftex.def)             Requested size: 212.13284pt x 47.60736pt.
) (./sections/4_synch.tex) (./sections/5_synch_ex.tex) (./sections/6_main_memory.tex) (./sections/7_virtual_memory.tex) (./sections/8_file_systems.tex) (./sections/9_fs_impl.tex) [6 <./img//5.49.png> <./img//5.51.png> <./img//5.53.png>] (./main.aux) ) 
Here is how much of TeX's memory you used:
 5868 strings out of 476041
 85533 string characters out of 5793173
 1965388 words of memory out of 6000000
 26212 multiletter control sequences out of 15000+600000
 515738 words of font info for 47 fonts, out of 8000000 for 9000
 1137 hyphenation exceptions out of 8191
 57i,7n,62p,428b,1341s stack positions out of 10000i,1000n,20000p,200000b,200000s
</usr/share/texlive/texmf-dist/fonts/type1/public/amsfonts/cm/cmbx10.pfb></usr/share/texlive/texmf-dist/fonts/type1/public/amsfonts/cm/cmbx12.pfb></usr/share/texlive/texmf-dist/fonts/type1/public/amsfonts/cm/cmitt10.pfb></usr/share/texlive/texmf-dist/fonts/type1/public/amsfonts/cm/cmmi10.pfb></usr/share/texlive/texmf-dist/fonts/type1/public/amsfonts/cm/cmmi7.pfb></usr/share/texlive/texmf-dist/fonts/type1/public/amsfonts/cm/cmr10.pfb></usr/share/texlive/texmf-dist/fonts/type1/public/amsfonts/cm/cmr5.pfb></usr/share/texlive/texmf-dist/fonts/type1/public/amsfonts/cm/cmr7.pfb></usr/share/texlive/texmf-dist/fonts/type1/public/amsfonts/cm/cmsy10.pfb></usr/share/texlive/texmf-dist/fonts/type1/public/amsfonts/cm/cmtt8.pfb></usr/share/texlive/texmf-dist/fonts/type1/public/cm-super/sfrm1000.pfb>
Output written on main.pdf (6 pages, 1725066 bytes).
PDF statistics:
 136 PDF objects out of 1000 (max. 8388607)
 49 compressed objects within 1 object stream
 0 named destinations out of 1000 (max. 500000)
 141 words of extra memory for PDF output out of 10000 (max. 10000000)

